2023-06-15 14:27:36 Loading main app package /tmp/.mount_ObsidinQPJ7A/resources/obsidian.asar
2023-06-15 14:27:37 Checking for update using Github
2023-06-15 14:27:37 Success.
2023-06-15 14:27:37 Latest version is 1.3.5
2023-06-15 14:27:37 App is up to date.
2023-06-15 19:28:55 Loading main app package /tmp/.mount_Obsidiis1nKJ/resources/obsidian.asar
2023-06-15 19:28:56 Checking for update using Github
2023-06-15 19:28:56 Success.
2023-06-15 19:28:56 Latest version is 1.3.5
2023-06-15 19:28:56 App is up to date.
2023-06-16 20:44:49 Loading main app package /tmp/.mount_ObsidiAQ4FxN/resources/obsidian.asar
2023-06-16 20:44:50 Checking for update using Github
2023-06-16 20:44:50 Success.
2023-06-16 20:44:50 Latest version is 1.3.5
2023-06-16 20:44:50 App is up to date.
2023-07-03 13:52:34 Loading main app package /tmp/.mount_ObsidiUrds0Z/resources/obsidian.asar
2023-07-03 13:52:35 Checking for update using Github
2023-07-03 13:52:35 Success.
2023-07-03 13:52:35 Latest version is 1.3.5
2023-07-03 13:52:35 App is up to date.
2023-07-03 14:52:34 Checking for update using Github
2023-07-03 14:52:34 Success.
2023-07-03 14:52:34 Latest version is 1.3.5
2023-07-03 14:52:34 App is up to date.
2023-07-29 07:58:40 Loading main app package /tmp/.mount_ObsidiehtGAc/resources/obsidian.asar
2023-07-29 07:58:41 Checking for update using Github
2023-07-29 07:58:41 Success.
2023-07-29 07:58:41 Latest version is 1.3.5
2023-07-29 07:58:41 App is up to date.
2023-07-31 12:55:04 Loading main app package /tmp/.mount_ObsidigwM56w/resources/obsidian.asar
2023-07-31 12:55:05 Checking for update using Github
2023-07-31 12:55:05 Success.
2023-07-31 12:55:05 Latest version is 1.3.5
2023-07-31 12:55:05 App is up to date.
2023-08-01 11:36:17 Loading main app package /tmp/.mount_ObsidinzqR1H/resources/obsidian.asar
2023-08-01 11:36:18 Checking for update using Github
2023-08-01 11:36:18 Success.
2023-08-01 11:36:18 Latest version is 1.3.7
2023-08-01 11:36:18 Downloading update from https://github.com/obsidianmd/obsidian-releases/releases/download/v1.3.7/obsidian-1.3.7.asar.gz
2023-08-01 11:36:20 Verifying hash & signature. Size= 7540911
2023-08-01 11:36:20 Saving file
2023-08-01 11:36:20 Update complete.
2023-08-09 12:53:29 Loading updated app package /home/tom/.config/obsidian/obsidian-1.3.7.asar
2023-08-09 12:53:30 Checking for update using Github
2023-08-09 12:53:30 Success.
2023-08-09 12:53:30 Latest version is 1.3.7
2023-08-09 12:53:30 App is up to date.
2023-08-09 13:04:05 Loading updated app package /home/tom/.config/obsidian/obsidian-1.3.7.asar
2023-08-09 13:04:05 Checking for update using Github
2023-08-09 13:04:05 Success.
2023-08-09 13:04:05 Latest version is 1.3.7
2023-08-09 13:04:05 App is up to date.
2023-08-09 16:55:53 Loading updated app package /home/tom/.config/obsidian/obsidian-1.3.7.asar
2023-08-09 16:55:53 Checking for update using Github
2023-08-09 16:55:59 Success.
2023-08-09 16:55:59 Latest version is 1.3.7
2023-08-09 16:55:59 App is up to date.
2023-08-09 17:05:40 Loading updated app package /home/tom/.config/obsidian/obsidian-1.3.7.asar
2023-08-09 17:05:41 Checking for update using Github
2023-08-09 17:05:41 Success.
2023-08-09 17:05:41 Latest version is 1.3.7
2023-08-09 17:05:41 App is up to date.
2023-08-09 18:05:40 Checking for update using Github
2023-08-09 18:05:41 Success.
2023-08-09 18:05:41 Latest version is 1.3.7
2023-08-09 18:05:41 App is up to date.
2023-08-09 19:34:51 Loading updated app package /home/tom/.config/obsidian/obsidian-1.3.7.asar
2023-08-09 19:34:52 Checking for update using Github
2023-08-09 19:34:52 Success.
2023-08-09 19:34:52 Latest version is 1.3.7
2023-08-09 19:34:52 App is up to date.
2023-08-10 19:04:19 Loading updated app package /home/tom/.config/obsidian/obsidian-1.3.7.asar
2023-08-10 19:04:20 Checking for update using Github
2023-08-10 19:04:20 Success.
2023-08-10 19:04:20 Latest version is 1.3.7
2023-08-10 19:04:20 App is up to date.
2023-08-10 19:49:36 Loading updated app package /home/tom/.config/obsidian/obsidian-1.3.7.asar
2023-08-10 19:49:36 Checking for update using Github
2023-08-10 19:49:37 Success.
2023-08-10 19:49:37 Latest version is 1.3.7
2023-08-10 19:49:37 App is up to date.
2023-08-11 15:56:01 Loading updated app package /home/tom/.config/obsidian/obsidian-1.3.7.asar
2023-08-11 15:56:02 Checking for update using Github
2023-08-11 15:56:02 Success.
2023-08-11 15:56:02 Latest version is 1.3.7
2023-08-11 15:56:02 App is up to date.
2023-08-11 16:56:01 Checking for update using Github
2023-08-11 16:56:01 Success.
2023-08-11 16:56:01 Latest version is 1.3.7
2023-08-11 16:56:01 App is up to date.
2023-08-11 17:56:01 Checking for update using Github
2023-08-11 17:56:01 Success.
2023-08-11 17:56:01 Latest version is 1.3.7
2023-08-11 17:56:01 App is up to date.
2023-08-11 18:56:01 Checking for update using Github
2023-08-11 18:56:01 Success.
2023-08-11 18:56:01 Latest version is 1.3.7
2023-08-11 18:56:01 App is up to date.
2023-08-11 19:56:01 Checking for update using Github
2023-08-11 19:56:02 Success.
2023-08-11 19:56:02 Latest version is 1.3.7
2023-08-11 19:56:02 App is up to date.
2023-08-11 20:56:01 Checking for update using Github
2023-08-11 20:56:02 Success.
2023-08-11 20:56:02 Latest version is 1.3.7
2023-08-11 20:56:02 App is up to date.
2023-08-11 21:56:02 Checking for update using Github
2023-08-11 21:56:02 Success.
2023-08-11 21:56:02 Latest version is 1.3.7
2023-08-11 21:56:02 App is up to date.
2023-08-12 12:32:21 Loading updated app package /home/tom/.config/obsidian/obsidian-1.3.7.asar
2023-08-12 12:32:21 Checking for update using Github
2023-08-12 12:32:22 Success.
2023-08-12 12:32:22 Latest version is 1.3.7
2023-08-12 12:32:22 App is up to date.
2023-08-12 13:32:21 Checking for update using Github
2023-08-12 13:32:21 Success.
2023-08-12 13:32:21 Latest version is 1.3.7
2023-08-12 13:32:21 App is up to date.
2023-08-12 15:03:19 Checking for update using Github
2023-08-12 15:03:19 Success.
2023-08-12 15:03:19 Latest version is 1.3.7
2023-08-12 15:03:19 App is up to date.
2023-08-12 15:40:00 Loading updated app package /home/tom/.config/obsidian/obsidian-1.3.7.asar
2023-08-12 15:40:00 Checking for update using Github
2023-08-12 15:40:00 Success.
2023-08-12 15:40:00 Latest version is 1.3.7
2023-08-12 15:40:00 App is up to date.
2023-08-12 23:26:06 Loading updated app package /home/tom/.config/obsidian/obsidian-1.3.7.asar
2023-08-12 23:26:06 Checking for update using Github
2023-08-12 23:26:07 Success.
2023-08-12 23:26:07 Latest version is 1.3.7
2023-08-12 23:26:07 App is up to date.
2023-08-13 08:22:08 Loading updated app package /home/tom/.config/obsidian/obsidian-1.3.7.asar
2023-08-13 08:22:09 Checking for update using Github
2023-08-13 08:22:09 Success.
2023-08-13 08:22:09 Latest version is 1.3.7
2023-08-13 08:22:09 App is up to date.
2023-08-13 09:22:08 Checking for update using Github
2023-08-13 09:22:08 Success.
2023-08-13 09:22:08 Latest version is 1.3.7
2023-08-13 09:22:08 App is up to date.
2023-08-13 10:22:08 Checking for update using Github
2023-08-13 10:22:08 Success.
2023-08-13 10:22:08 Latest version is 1.3.7
2023-08-13 10:22:08 App is up to date.
2023-08-13 11:22:08 Checking for update using Github
2023-08-13 11:22:08 Success.
2023-08-13 11:22:08 Latest version is 1.3.7
2023-08-13 11:22:08 App is up to date.
2023-08-13 12:22:08 Checking for update using Github
2023-08-13 12:22:08 Success.
2023-08-13 12:22:08 Latest version is 1.3.7
2023-08-13 12:22:08 App is up to date.
2023-08-14 13:13:20 Loading updated app package /home/tom/.config/obsidian/obsidian-1.3.7.asar
2023-08-14 13:13:21 Checking for update using Github
2023-08-14 13:13:21 Failed to check for update using Github (net::ERR_INTERNET_DISCONNECTED)
2023-08-14 13:13:21 Checking for update using obsidian.md
2023-08-14 13:13:21 Failed to check for update using obsidian.md (net::ERR_INTERNET_DISCONNECTED)
2023-08-14 21:25:15 Checking for update using Github
2023-08-14 21:25:15 Success.
2023-08-14 21:25:15 Latest version is 1.3.7
2023-08-14 21:25:15 App is up to date.
2023-08-15 15:01:23 Loading updated app package /home/tom/.config/obsidian/obsidian-1.3.7.asar
2023-08-15 15:01:24 Checking for update using Github
2023-08-15 15:01:24 Success.
2023-08-15 15:01:24 Latest version is 1.3.7
2023-08-15 15:01:24 App is up to date.
2023-08-15 16:01:24 Checking for update using Github
2023-08-15 16:01:24 Success.
2023-08-15 16:01:24 Latest version is 1.3.7
2023-08-15 16:01:24 App is up to date.
2023-08-15 20:39:50 Loading updated app package /home/tom/.config/obsidian/obsidian-1.3.7.asar
2023-08-15 20:39:51 Checking for update using Github
2023-08-15 20:39:51 Success.
2023-08-15 20:39:51 Latest version is 1.3.7
2023-08-15 20:39:51 App is up to date.
2023-08-16 20:32:22 Loading updated app package /home/tom/.config/obsidian/obsidian-1.3.7.asar
2023-08-16 20:32:23 Checking for update using Github
2023-08-16 20:32:23 Success.
2023-08-16 20:32:23 Latest version is 1.3.7
2023-08-16 20:32:23 App is up to date.
2023-09-06 22:26:48 Loading updated app package /home/tom/.config/obsidian/obsidian-1.3.7.asar
2023-09-06 22:26:49 Checking for update using Github
2023-09-06 22:26:49 Success.
2023-09-06 22:26:49 Latest version is 1.4.5
2023-09-06 22:26:49 Downloading update from https://github.com/obsidianmd/obsidian-releases/releases/download/v1.4.5/obsidian-1.4.5.asar.gz
2023-09-06 22:26:53 Verifying hash & signature. Size= 8267902
2023-09-06 22:26:53 Saving file
2023-09-06 22:26:54 Update complete.
2023-09-07 09:04:43 Loading updated app package /home/tom/.config/obsidian/obsidian-1.4.5.asar
2023-09-07 09:04:43 Checking for update using Github
2023-09-07 09:04:44 Success.
2023-09-07 09:04:44 Latest version is 1.4.5
2023-09-07 09:04:44 App is up to date.
2023-09-07 12:31:14 Loading updated app package /home/tom/.config/obsidian/obsidian-1.4.5.asar
2023-09-07 12:31:15 Checking for update using Github
2023-09-07 12:31:15 Success.
2023-09-07 12:31:15 Latest version is 1.4.5
2023-09-07 12:31:15 App is up to date.
2023-09-08 23:02:53 Loading updated app package /home/tom/.config/obsidian/obsidian-1.4.5.asar
2023-09-08 23:02:54 Checking for update using Github
2023-09-08 23:02:54 Success.
2023-09-08 23:02:54 Latest version is 1.4.5
2023-09-08 23:02:54 App is up to date.
2023-09-09 08:13:26 Loading updated app package /home/tom/.config/obsidian/obsidian-1.4.5.asar
2023-09-09 08:13:30 Checking for update using Github
2023-09-09 08:13:31 Success.
2023-09-09 08:13:31 Latest version is 1.4.5
2023-09-09 08:13:31 App is up to date.
2023-09-09 09:13:26 Checking for update using Github
2023-09-09 09:13:27 Success.
2023-09-09 09:13:27 Latest version is 1.4.5
2023-09-09 09:13:27 App is up to date.
2023-09-09 10:13:27 Checking for update using Github
2023-09-09 10:13:28 Success.
2023-09-09 10:13:28 Latest version is 1.4.5
2023-09-09 10:13:28 App is up to date.
2023-09-09 11:13:27 Checking for update using Github
2023-09-09 11:13:28 Success.
2023-09-09 11:13:28 Latest version is 1.4.5
2023-09-09 11:13:28 App is up to date.
2023-09-09 13:34:20 Checking for update using Github
2023-09-09 13:34:20 Success.
2023-09-09 13:34:20 Latest version is 1.4.5
2023-09-09 13:34:20 App is up to date.
2023-11-25 17:53:20 Loading updated app package /home/tom/.config/obsidian/obsidian-1.4.5.asar
2023-11-25 17:53:20 Checking for update using Github
2023-11-25 17:53:20 Success.
2023-11-25 17:53:20 Latest version is 1.4.16
2023-11-25 17:53:20 Downloading update from https://github.com/obsidianmd/obsidian-releases/releases/download/v1.4.16/obsidian-1.4.16.asar.gz
2023-11-25 17:53:24 Verifying hash & signature. Size= 8394471
2023-11-25 17:53:24 Saving file
2023-11-25 17:53:24 Update complete.
2023-11-26 13:45:13 Loading updated app package /home/tom/.config/obsidian/obsidian-1.4.16.asar
2023-11-26 13:45:14 Checking for update using Github
2023-11-26 13:45:14 Success.
2023-11-26 13:45:14 Latest version is 1.4.16
2023-11-26 13:45:14 App is up to date.
2023-12-05 12:28:38 Loading updated app package /home/tom/.config/obsidian/obsidian-1.4.16.asar
2023-12-05 12:28:39 Checking for update using Github
2023-12-05 12:28:39 Success.
2023-12-05 12:28:39 Latest version is 1.4.16
2023-12-05 12:28:39 App is up to date.
2023-12-07 14:36:51 Loading updated app package /home/tom/.config/obsidian/obsidian-1.4.16.asar
2023-12-07 14:36:52 Checking for update using Github
2023-12-07 14:36:52 Success.
2023-12-07 14:36:52 Latest version is 1.4.16
2023-12-07 14:36:52 App is up to date.
2023-12-15 13:18:31 Loading updated app package /home/tom/.config/obsidian/obsidian-1.4.16.asar
2023-12-15 13:18:31 Checking for update using Github
2023-12-15 13:18:31 Success.
2023-12-15 13:18:31 Latest version is 1.4.16
2023-12-15 13:18:31 App is up to date.
2023-12-15 15:38:09 Checking for update using Github
2023-12-15 15:38:09 Success.
2023-12-15 15:38:09 Latest version is 1.4.16
2023-12-15 15:38:09 App is up to date.
2023-12-17 13:06:34 Loading updated app package /home/tom/.config/obsidian/obsidian-1.4.16.asar
2023-12-17 13:06:35 Checking for update using Github
2023-12-17 13:06:35 Success.
2023-12-17 13:06:35 Latest version is 1.4.16
2023-12-17 13:06:35 App is up to date.
2023-12-17 14:06:34 Checking for update using Github
2023-12-17 14:06:34 Success.
2023-12-17 14:06:34 Latest version is 1.4.16
2023-12-17 14:06:34 App is up to date.
2023-12-17 16:03:43 Checking for update using Github
2023-12-17 16:03:43 Success.
2023-12-17 16:03:43 Latest version is 1.4.16
2023-12-17 16:03:43 App is up to date.
2023-12-19 15:08:55 Loading updated app package /home/tom/.config/obsidian/obsidian-1.4.16.asar
2023-12-19 15:08:56 Checking for update using Github
2023-12-19 15:08:56 Success.
2023-12-19 15:08:56 Latest version is 1.4.16
2023-12-19 15:08:56 App is up to date.
2023-12-19 16:08:55 Checking for update using Github
2023-12-19 16:08:56 Success.
2023-12-19 16:08:56 Latest version is 1.4.16
2023-12-19 16:08:56 App is up to date.
2023-12-19 17:08:55 Checking for update using Github
2023-12-19 17:08:56 Success.
2023-12-19 17:08:56 Latest version is 1.4.16
2023-12-19 17:08:56 App is up to date.
2024-01-23 13:05:11 Loading updated app package /home/tom/.config/obsidian/obsidian-1.4.16.asar
2024-01-23 13:05:11 Checking for update using Github
2024-01-23 13:05:12 Success.
2024-01-23 13:05:12 Latest version is 1.5.3
2024-01-23 13:05:12 Downloading update from https://github.com/obsidianmd/obsidian-releases/releases/download/v1.5.3/obsidian-1.5.3.asar.gz
2024-01-23 13:05:12 Verifying hash & signature. Size= 8515395
2024-01-23 13:05:12 Saving file
2024-01-23 13:05:13 Update complete.
2024-02-06 12:11:00 Loading updated app package /home/tom/.config/obsidian/obsidian-1.5.3.asar
2024-02-06 12:11:01 Checking for update using Github
2024-02-06 12:11:01 Success.
2024-02-06 12:11:01 Latest version is 1.5.3
2024-02-06 12:11:01 App is up to date.
2024-02-08 18:27:53 Loading updated app package /home/tom/.config/obsidian/obsidian-1.5.3.asar
2024-02-08 18:27:53 Checking for update using Github
2024-02-08 18:27:53 Success.
2024-02-08 18:27:53 Latest version is 1.5.3
2024-02-08 18:27:53 App is up to date.
2024-03-05 15:46:04 Loading updated app package /home/tom/.config/obsidian/obsidian-1.5.3.asar
2024-03-05 15:46:05 Checking for update using Github
2024-03-05 15:46:05 Success.
2024-03-05 15:46:05 Latest version is 1.5.8
2024-03-05 15:46:05 Downloading update from https://github.com/obsidianmd/obsidian-releases/releases/download/v1.5.8/obsidian-1.5.8.asar.gz
2024-03-05 15:46:09 Verifying hash & signature. Size= 8652806
2024-03-05 15:46:09 Saving file
2024-03-05 15:46:09 Update complete.
2024-03-05 17:23:43 Loading updated app package /home/tom/.config/obsidian/obsidian-1.5.8.asar
2024-03-05 17:23:44 Checking for update using Github
2024-03-05 17:23:44 Success.
2024-03-05 17:23:44 Latest version is 1.5.8
2024-03-05 17:23:44 App is up to date.
